e:\workplace\nufl\bin\debug\x64\nufl.profiler.bsc
e:\workplace\nufl\src\nufl.profiler\x64\debug\nufl.profiler64.pch
e:\workplace\nufl\src\nufl.profiler\x64\debug\vc120.pdb
e:\workplace\nufl\src\nufl.profiler\x64\debug\vc120.idb
e:\workplace\nufl\src\nufl.profiler\x64\debug\stdafx.sbr
e:\workplace\nufl\src\nufl.profiler\x64\debug\stdafx.xdc
e:\workplace\nufl\src\nufl.profiler\x64\debug\stdafx.obj
e:\workplace\nufl\src\nufl.profiler\x64\debug\operations.sbr
e:\workplace\nufl\src\nufl.profiler\x64\debug\operations.xdc
e:\workplace\nufl\src\nufl.profiler\x64\debug\sharedmemory.sbr
e:\workplace\nufl\src\nufl.profiler\x64\debug\sharedmemory.xdc
e:\workplace\nufl\src\nufl.profiler\x64\debug\exceptionhandler.sbr
e:\workplace\nufl\src\nufl.profiler\x64\debug\exceptionhandler.xdc
e:\workplace\nufl\src\nufl.profiler\x64\debug\profilercommunication.sbr
e:\workplace\nufl\src\nufl.profiler\x64\debug\profilercommunication.xdc
e:\workplace\nufl\src\nufl.profiler\x64\debug\opencover.profiler.sbr
e:\workplace\nufl\src\nufl.profiler\x64\debug\opencover.profiler.xdc
e:\workplace\nufl\src\nufl.profiler\x64\debug\nativecallback.sbr
e:\workplace\nufl\src\nufl.profiler\x64\debug\nativecallback.xdc
e:\workplace\nufl\src\nufl.profiler\x64\debug\method.sbr
e:\workplace\nufl\src\nufl.profiler\x64\debug\method.xdc
e:\workplace\nufl\src\nufl.profiler\x64\debug\ipcstream.sbr
e:\workplace\nufl\src\nufl.profiler\x64\debug\ipcstream.xdc
e:\workplace\nufl\src\nufl.profiler\x64\debug\instruction.sbr
e:\workplace\nufl\src\nufl.profiler\x64\debug\instruction.xdc
e:\workplace\nufl\src\nufl.profiler\x64\debug\hostcommunication.sbr
e:\workplace\nufl\src\nufl.profiler\x64\debug\hostcommunication.xdc
e:\workplace\nufl\src\nufl.profiler\x64\debug\coverageinstrumentation.sbr
e:\workplace\nufl\src\nufl.profiler\x64\debug\coverageinstrumentation.xdc
e:\workplace\nufl\src\nufl.profiler\x64\debug\codecoverage_profilerinfo.sbr
e:\workplace\nufl\src\nufl.profiler\x64\debug\codecoverage_profilerinfo.xdc
e:\workplace\nufl\src\nufl.profiler\x64\debug\codecoverage_callback.sbr
e:\workplace\nufl\src\nufl.profiler\x64\debug\codecoverage_callback.xdc
e:\workplace\nufl\src\nufl.profiler\x64\debug\codecoverage.sbr
e:\workplace\nufl\src\nufl.profiler\x64\debug\codecoverage.xdc
e:\workplace\nufl\src\nufl.profiler\x64\debug\codecoverage.obj
e:\workplace\nufl\src\nufl.profiler\x64\debug\codecoverage_callback.obj
e:\workplace\nufl\src\nufl.profiler\x64\debug\codecoverage_profilerinfo.obj
e:\workplace\nufl\src\nufl.profiler\x64\debug\coverageinstrumentation.obj
e:\workplace\nufl\src\nufl.profiler\x64\debug\hostcommunication.obj
e:\workplace\nufl\src\nufl.profiler\x64\debug\instruction.obj
e:\workplace\nufl\src\nufl.profiler\x64\debug\ipcstream.obj
e:\workplace\nufl\src\nufl.profiler\x64\debug\method.obj
e:\workplace\nufl\src\nufl.profiler\x64\debug\nativecallback.obj
e:\workplace\nufl\src\nufl.profiler\x64\debug\opencover.profiler.obj
e:\workplace\nufl\src\nufl.profiler\x64\debug\profilercommunication.obj
e:\workplace\nufl\src\nufl.profiler\x64\debug\exceptionhandler.obj
e:\workplace\nufl\src\nufl.profiler\x64\debug\sharedmemory.obj
e:\workplace\nufl\src\nufl.profiler\x64\debug\operations.obj
e:\workplace\nufl\src\nufl.profiler\x64\debug\dllmain.sbr
e:\workplace\nufl\src\nufl.profiler\x64\debug\dllmain.xdc
e:\workplace\nufl\src\nufl.profiler\x64\debug\dllmain.obj
e:\workplace\nufl\src\nufl.profiler\x64\debug\xdlldata.sbr
e:\workplace\nufl\src\nufl.profiler\x64\debug\opencoverprofiler_i.sbr
e:\workplace\nufl\src\nufl.profiler\x64\debug\opencoverprofiler_i.obj
e:\workplace\nufl\src\nufl.profiler\x64\debug\xdlldata.obj
e:\workplace\nufl\bin\debug\x64\nufl.profiler.ilk
e:\workplace\nufl\bin\debug\x64\nufl.profiler.dll
e:\workplace\nufl\bin\debug\x64\nufl.profiler.pdb
e:\workplace\nufl\src\nufl.profiler\x64\debug\opencoverprofiler.tlb
e:\workplace\nufl\src\nufl.profiler\opencoverprofiler_i.c
e:\workplace\nufl\src\nufl.profiler\opencoverprofiler_i.h
e:\workplace\nufl\bin\debug\x64\nufl.profiler.lib
e:\workplace\nufl\bin\debug\x64\nufl.profiler.exp
e:\workplace\nufl\src\nufl.profiler\x64\debug\opencover.profiler.res
e:\workplace\nufl\src\docs\nufl.profiler.xml
e:\workplace\nufl\src\\..\bin\debug\x64\nufl.profiler.pdb
e:\workplace\nufl\src\\..\bin\debug\x64\nufl.profiler.dll
e:\workplace\nufl\src\\..\bin\debug\x64\nufl.profiler.bsc
e:\workplace\nufl\src\\..\bin\debug\x64\nufl.profiler.ilk
e:\workplace\nufl\src\nufl.profiler\x64\debug\nufl.profiler.tlog\bscmake.command.1.tlog
e:\workplace\nufl\src\nufl.profiler\x64\debug\nufl.profiler.tlog\bscmake.read.1.tlog
e:\workplace\nufl\src\nufl.profiler\x64\debug\nufl.profiler.tlog\bscmake.write.1.tlog
e:\workplace\nufl\src\nufl.profiler\x64\debug\nufl.profiler.tlog\cl.command.1.tlog
e:\workplace\nufl\src\nufl.profiler\x64\debug\nufl.profiler.tlog\cl.read.1.tlog
e:\workplace\nufl\src\nufl.profiler\x64\debug\nufl.profiler.tlog\cl.write.1.tlog
e:\workplace\nufl\src\nufl.profiler\x64\debug\nufl.profiler.tlog\link.command.1.tlog
e:\workplace\nufl\src\nufl.profiler\x64\debug\nufl.profiler.tlog\link.read.1.tlog
e:\workplace\nufl\src\nufl.profiler\x64\debug\nufl.profiler.tlog\link.write.1.tlog
e:\workplace\nufl\src\nufl.profiler\x64\debug\nufl.profiler.tlog\midl.command.1.tlog
e:\workplace\nufl\src\nufl.profiler\x64\debug\nufl.profiler.tlog\midl.read.1.tlog
e:\workplace\nufl\src\nufl.profiler\x64\debug\nufl.profiler.tlog\midl.write.1.tlog
e:\workplace\nufl\src\nufl.profiler\x64\debug\nufl.profiler.tlog\nufl.profiler.write.1u.tlog
e:\workplace\nufl\src\nufl.profiler\x64\debug\nufl.profiler.tlog\rc.command.1.tlog
e:\workplace\nufl\src\nufl.profiler\x64\debug\nufl.profiler.tlog\rc.read.1.tlog
e:\workplace\nufl\src\nufl.profiler\x64\debug\nufl.profiler.tlog\rc.write.1.tlog
e:\workplace\nufl\src\nufl.profiler\x64\debug\nufl.profiler.tlog\xdcmake.command.1.tlog
e:\workplace\nufl\src\nufl.profiler\x64\debug\nufl.profiler.tlog\xdcmake.read.1.tlog
e:\workplace\nufl\src\nufl.profiler\x64\debug\nufl.profiler.tlog\xdcmake.write.1.tlog
