e:\workplace\nufl\src\nufl.profiler\win32\debug\nufl.profiler32.pch
e:\workplace\nufl\src\nufl.profiler\win32\debug\vc120.pdb
e:\workplace\nufl\src\nufl.profiler\win32\debug\vc120.idb
e:\workplace\nufl\src\nufl.profiler\win32\debug\stdafx.xdc
e:\workplace\nufl\src\nufl.profiler\win32\debug\stdafx.obj
e:\workplace\nufl\src\nufl.profiler\win32\debug\operations.xdc
e:\workplace\nufl\src\nufl.profiler\win32\debug\sharedmemory.xdc
e:\workplace\nufl\src\nufl.profiler\win32\debug\exceptionhandler.xdc
e:\workplace\nufl\src\nufl.profiler\win32\debug\profilercommunication.xdc
e:\workplace\nufl\src\nufl.profiler\win32\debug\opencover.profiler.xdc
e:\workplace\nufl\src\nufl.profiler\win32\debug\nativecallback.xdc
e:\workplace\nufl\src\nufl.profiler\win32\debug\method.xdc
e:\workplace\nufl\src\nufl.profiler\win32\debug\ipcstream.xdc
e:\workplace\nufl\src\nufl.profiler\win32\debug\instruction.xdc
e:\workplace\nufl\src\nufl.profiler\win32\debug\hostcommunication.xdc
e:\workplace\nufl\src\nufl.profiler\win32\debug\coverageinstrumentation.xdc
e:\workplace\nufl\src\nufl.profiler\win32\debug\codecoverage_profilerinfo.xdc
e:\workplace\nufl\src\nufl.profiler\win32\debug\codecoverage_callback.xdc
e:\workplace\nufl\src\nufl.profiler\win32\debug\codecoverage.xdc
e:\workplace\nufl\src\nufl.profiler\win32\debug\codecoverage.obj
e:\workplace\nufl\src\nufl.profiler\win32\debug\codecoverage_callback.obj
e:\workplace\nufl\src\nufl.profiler\win32\debug\codecoverage_profilerinfo.obj
e:\workplace\nufl\src\nufl.profiler\win32\debug\coverageinstrumentation.obj
e:\workplace\nufl\src\nufl.profiler\win32\debug\hostcommunication.obj
e:\workplace\nufl\src\nufl.profiler\win32\debug\instruction.obj
e:\workplace\nufl\src\nufl.profiler\win32\debug\ipcstream.obj
e:\workplace\nufl\src\nufl.profiler\win32\debug\method.obj
e:\workplace\nufl\src\nufl.profiler\win32\debug\nativecallback.obj
e:\workplace\nufl\src\nufl.profiler\win32\debug\opencover.profiler.obj
e:\workplace\nufl\src\nufl.profiler\win32\debug\profilercommunication.obj
e:\workplace\nufl\src\nufl.profiler\win32\debug\exceptionhandler.obj
e:\workplace\nufl\src\nufl.profiler\win32\debug\sharedmemory.obj
e:\workplace\nufl\src\nufl.profiler\win32\debug\operations.obj
e:\workplace\nufl\src\nufl.profiler\win32\debug\dllmain.xdc
e:\workplace\nufl\src\nufl.profiler\win32\debug\dllmain.obj
e:\workplace\nufl\src\nufl.profiler\win32\debug\opencoverprofiler_i.obj
e:\workplace\nufl\src\nufl.profiler\win32\debug\xdlldata.obj
e:\workplace\nufl\bin\debug\x86\nufl.profiler.ilk
e:\workplace\nufl\bin\debug\x86\nufl.profiler.dll
e:\workplace\nufl\bin\debug\x86\nufl.profiler.pdb
e:\workplace\nufl\src\nufl.profiler\win32\debug\opencoverprofiler.tlb
e:\workplace\nufl\src\nufl.profiler\opencoverprofiler_i.c
e:\workplace\nufl\src\nufl.profiler\opencoverprofiler_i.h
e:\workplace\nufl\bin\debug\x86\nufl.profiler.lib
e:\workplace\nufl\bin\debug\x86\nufl.profiler.exp
e:\workplace\nufl\src\nufl.profiler\win32\debug\opencover.profiler.res
e:\workplace\nufl\src\docs\nufl.profiler.xml
e:\workplace\nufl\src\nufl.profiler\win32\debug\nufl.profiler.tlog\cl.command.1.tlog
e:\workplace\nufl\src\nufl.profiler\win32\debug\nufl.profiler.tlog\cl.read.1.tlog
e:\workplace\nufl\src\nufl.profiler\win32\debug\nufl.profiler.tlog\cl.write.1.tlog
e:\workplace\nufl\src\nufl.profiler\win32\debug\nufl.profiler.tlog\link.command.1.tlog
e:\workplace\nufl\src\nufl.profiler\win32\debug\nufl.profiler.tlog\link.read.1.tlog
e:\workplace\nufl\src\nufl.profiler\win32\debug\nufl.profiler.tlog\link.write.1.tlog
e:\workplace\nufl\src\nufl.profiler\win32\debug\nufl.profiler.tlog\midl.command.1.tlog
e:\workplace\nufl\src\nufl.profiler\win32\debug\nufl.profiler.tlog\midl.read.1.tlog
e:\workplace\nufl\src\nufl.profiler\win32\debug\nufl.profiler.tlog\midl.write.1.tlog
e:\workplace\nufl\src\nufl.profiler\win32\debug\nufl.profiler.tlog\nufl.profiler.write.1u.tlog
e:\workplace\nufl\src\nufl.profiler\win32\debug\nufl.profiler.tlog\rc.command.1.tlog
e:\workplace\nufl\src\nufl.profiler\win32\debug\nufl.profiler.tlog\rc.read.1.tlog
e:\workplace\nufl\src\nufl.profiler\win32\debug\nufl.profiler.tlog\rc.write.1.tlog
e:\workplace\nufl\src\nufl.profiler\win32\debug\nufl.profiler.tlog\xdcmake.command.1.tlog
e:\workplace\nufl\src\nufl.profiler\win32\debug\nufl.profiler.tlog\xdcmake.read.1.tlog
e:\workplace\nufl\src\nufl.profiler\win32\debug\nufl.profiler.tlog\xdcmake.write.1.tlog
