f:\workplace\nunit-master\src\nunitengine\mock-cpp-clr\obj\mock-cpp-clr-x86\debug\vc120.pdb
f:\workplace\nunit-master\src\nunitengine\mock-cpp-clr\obj\mock-cpp-clr-x86\debug\testclass.obj
f:\workplace\nunit-master\src\nunitengine\mock-cpp-clr\obj\mock-cpp-clr-x86\debug\assemblyinfo.obj
f:\workplace\nunit-master\src\nunitengine\mock-cpp-clr\obj\mock-cpp-clr-x86\debug\.netframework,version=v4.0.assemblyattributes.obj
e:\workplace\nunit-master\src\nunitengine\mock-cpp-clr\obj\mock-cpp-clr-x86\debug\vc120.pdb
e:\workplace\nunit-master\src\nunitengine\mock-cpp-clr\obj\mock-cpp-clr-x86\debug\testclass.obj
e:\workplace\nunit-master\src\nunitengine\mock-cpp-clr\obj\mock-cpp-clr-x86\debug\assemblyinfo.obj
e:\workplace\nunit-master\src\nunitengine\mock-cpp-clr\obj\mock-cpp-clr-x86\debug\.netframework,version=v4.0.assemblyattributes.obj
f:\workplace\nunit-master\bin\debug\mock-cpp-clr-x86.dll
e:\workplace\nunit-master\bin\debug\mock-cpp-clr-x86.dll
f:\workplace\nunit-master\src\nunitengine\mock-cpp-clr\obj\mock-cpp-clr-x86\debug\mock-cpp-clr-x86.tlog\metagen.write.1.tlog
e:\workplace\nunit-master\src\nunitengine\mock-cpp-clr\obj\mock-cpp-clr-x86\debug\mock-cpp-clr-x86.tlog\metagen.write.1.tlog
e:\workplace\nunit-master\src\nunitengine\mock-cpp-clr\obj\mock-cpp-clr-x86\debug\mock-cpp-clr-x86.vcxprojresolveassemblyreference.cache
e:\workplace\nunit-master\src\nunitengine\mock-cpp-clr\..\..\..\bin\debug\mock-cpp-clr-x86.dll
e:\workplace\nunit-master\src\nunitengine\mock-cpp-clr\obj\mock-cpp-clr-x86\debug\mock-cpp-clr-x86.tlog\cl.command.1.tlog
e:\workplace\nunit-master\src\nunitengine\mock-cpp-clr\obj\mock-cpp-clr-x86\debug\mock-cpp-clr-x86.tlog\cl.read.1.tlog
e:\workplace\nunit-master\src\nunitengine\mock-cpp-clr\obj\mock-cpp-clr-x86\debug\mock-cpp-clr-x86.tlog\cl.write.1.tlog
e:\workplace\nunit-master\src\nunitengine\mock-cpp-clr\obj\mock-cpp-clr-x86\debug\mock-cpp-clr-x86.tlog\link.command.1.tlog
e:\workplace\nunit-master\src\nunitengine\mock-cpp-clr\obj\mock-cpp-clr-x86\debug\mock-cpp-clr-x86.tlog\link.read.1.tlog
e:\workplace\nunit-master\src\nunitengine\mock-cpp-clr\obj\mock-cpp-clr-x86\debug\mock-cpp-clr-x86.tlog\link.write.1.tlog
e:\workplace\nunit-master\src\nunitengine\mock-cpp-clr\obj\mock-cpp-clr-x86\debug\mock-cpp-clr-x86.tlog\metagen.read.1.tlog
e:\workplace\nunit-master\src\nunitengine\mock-cpp-clr\obj\mock-cpp-clr-x86\debug\mock-cpp-clr-x86.tlog\nunit.framework.dll.metagen
e:\workplace\nunit-master\src\nunitengine\mock-cpp-clr\obj\mock-cpp-clr-x86\debug\mock-cpp-clr-x86.tlog\rsaenh.dll.bi
e:\workplace\nunit-master\src\nunitengine\mock-cpp-clr\obj\mock-cpp-clr-x86\debug\mock-cpp-clr-x86.tlog\tzres.dll.bi
